
          -------------------------------------------------------
          Amber 22 PMEMD                              2022
          -------------------------------------------------------

| PMEMD implementation of SANDER, Release 22

|  Compiled date/time: Wed May  4 09:02:57 2022
| Run on 02/01/2024 at 15:09:40

|   Executable path: pmemd.cuda
| Working directory: /home/byx3au-local/Desktop/indus_waterbox/u_bias_small_20
|          Hostname: aplcider.che.virginia.edu

  [-O]verwriting output

File Assignments:
|   MDIN: 01_Min.in                                                             
|  MDOUT: 01_Min.out                                                            
| INPCRD: rst7                                                                  
|   PARM: parm7                                                                 
| RESTRT: 01_Min.ncrst                                                          
|   REFC: refc                                                                  
|  MDVEL: mdvel                                                                 
|   MDEN: mden                                                                  
|  MDCRD: mdcrd                                                                 
| MDINFO: mdinfo                                                                
|  MDFRC: mdfrc                                                                 


 Here is the input file:

Minimize                                                                       
 &cntrl                                                                        
  imin=1,                                                                      
  ntx=1,                                                                       
  irest=0,                                                                     
  maxcyc=2000,                                                                 
  ncyc=1000,                                                                   
  ntpr=100,                                                                    
  ntwx=0,                                                                      
  cut=8.0,                                                                     
  iwrap=1,                                                                     
 /                                                                             


Note: ig = -1. Setting random seed to   603578 based on wallclock time in 
      microseconds.
| irandom = 1, using AMBER's internal random number generator (default).
 
|--------------------- INFORMATION ----------------------
| GPU (CUDA) Version of PMEMD in use: NVIDIA GPU IN USE.
|                    Version 18.0.0
| 
|                      03/25/2018
| 
| Implementation by:
|                    Ross C. Walker     (SDSC)
|                    Scott Le Grand     (nVIDIA)
| 
| Version 18 performance extensions by:
|                    David Cerutti     (Rutgers)
| 
| Precision model in use:
|      [SPFP] - Single Precision Forces, 64-bit Fixed Point
|               Accumulation. (Default)
| 
|--------------------------------------------------------
 
|----------------- CITATION INFORMATION -----------------
|
|    When publishing work that utilized the CUDA version
|    of AMBER, please cite the following in addition to
|    the regular AMBER citations:
|
|  - Romelia Salomon-Ferrer; Andreas W. Goetz; Duncan
|    Poole; Scott Le Grand; Ross C. Walker "Routine
|    microsecond molecular dynamics simulations with
|    AMBER - Part II: Particle Mesh Ewald", J. Chem.
|    Theory Comput., 2013, 9 (9), pp3878-3888,
|    DOI: 10.1021/ct400314y.
|
|  - Andreas W. Goetz; Mark J. Williamson; Dong Xu;
|    Duncan Poole; Scott Le Grand; Ross C. Walker
|    "Routine microsecond molecular dynamics simulations
|    with AMBER - Part I: Generalized Born", J. Chem.
|    Theory Comput., 2012, 8 (5), pp1542-1555.
|
|  - Scott Le Grand; Andreas W. Goetz; Ross C. Walker
|    "SPFP: Speed without compromise - a mixed precision
|    model for GPU accelerated molecular dynamics
|    simulations.", Comp. Phys. Comm., 2013, 184
|    pp374-380, DOI: 10.1016/j.cpc.2012.09.022
|
|--------------------------------------------------------
 
|------------------- GPU DEVICE INFO --------------------
|
|            CUDA_VISIBLE_DEVICES: not set
|   CUDA Capable Devices Detected:      2
|           CUDA Device ID in use:      1
|                CUDA Device Name: NVIDIA GeForce RTX 3090
|     CUDA Device Global Mem Size:  24268 MB
| CUDA Device Num Multiprocessors:     82
|           CUDA Device Core Freq:   1.71 GHz
|
|--------------------------------------------------------
 
 
| Conditional Compilation Defines Used:
| PUBFFT
| BINTRAJ
| CUDA
| EMIL

| Largest sphere to fit in unit cell has radius =    26.499

| New format PARM file being parsed.
| Version =    1.000 Date = 02/01/24 Time = 15:09:40

| Note: 1-4 EEL scale factors are being read from the topology file.

| Note: 1-4 VDW scale factors are being read from the topology file.
| Duplicated    0 dihedrals

| Duplicated    0 dihedrals

--------------------------------------------------------------------------------
   1.  RESOURCE   USE: 
--------------------------------------------------------------------------------

 getting new box info from bottom of inpcrd
 NATOM  =   11571 NTYPES =       2 NBONH =   11571 MBONA  =       0
 NTHETH =       0 MTHETA =       0 NPHIH =       0 MPHIA  =       0
 NHPARM =       0 NPARM  =       0 NNB   =   15428 NRES   =    3857
 NBONA  =       0 NTHETA =       0 NPHIA =       0 NUMBND =       2
 NUMANG =       0 NPTRA  =       0 NATYP =       2 NPHB   =       0
 IFBOX  =       1 NMXRS  =       3 IFCAP =       0 NEXTRA =       0
 NCOPY  =       0

| Coordinate Index Table dimensions:    11   11   11
| Direct force subcell size =     4.8180    4.8228    4.8420

     BOX TYPE: RECTILINEAR

--------------------------------------------------------------------------------
   2.  CONTROL  DATA  FOR  THE  RUN
--------------------------------------------------------------------------------

wat                                                                             

General flags:
     imin    =       1, nmropt  =       0

Nature and format of input:
     ntx     =       1, irest   =       0, ntrx    =       1

Nature and format of output:
     ntxo    =       2, ntpr    =     100, ntrx    =       1, ntwr    =       1
     iwrap   =       1, ntwx    =       0, ntwv    =       0, ntwe    =       0
     ioutfm  =       1, ntwprt  =       0, idecomp =       0, rbornstat=      0

Potential function:
     ntf     =       1, ntb     =       1, igb     =       0, nsnb    =      25
     ipol    =       0, gbsa    =       0, iesp    =       0
     dielc   =   1.00000, cut     =   8.00000, intdiel =   1.00000

Frozen or restrained atoms:
     ibelly  =       0, ntr     =       0

Energy minimization:
     maxcyc  =    2000, ncyc    =    1000, ntmin   =       1
     dx0     =   0.01000, drms    =   0.00010

| Intermolecular bonds treatment:
|     no_intermolecular_bonds =       1

| Energy averages sample interval:
|     ene_avg_sampling =       1

Ewald parameters:
     verbose =       0, ew_type =       0, nbflag  =       1, use_pme =       1
     vdwmeth =       1, eedmeth =       1, netfrc  =       0
     Box X =   52.998   Box Y =   53.051   Box Z =   53.262
     Alpha =   90.000   Beta  =   90.000   Gamma =   90.000
     NFFT1 =   56       NFFT2 =   56       NFFT3 =   56
     Cutoff=    8.000   Tol   =0.100E-04
     Ewald Coefficient =  0.34864
     Interpolation order =    4

--------------------------------------------------------------------------------
   3.  ATOMIC COORDINATES AND VELOCITIES
--------------------------------------------------------------------------------

wat                                                                             
 begin time read from input coords =     0.000 ps

 
 Number of triangulated 3-point waters found:     3857

     Sum of charges from parm topology file =  -0.00000423
     Forcing neutrality...

| Dynamic Memory, Types Used:
| Reals              377479
| Integers           343283

| Nonbonded Pairs Initial Allocation:     1932646

| GPU memory information (estimate):
| KB of GPU memory in use:     43922
| KB of CPU memory in use:     22922

--------------------------------------------------------------------------------
   4.  RESULTS
--------------------------------------------------------------------------------



   NSTEP       ENERGY          RMS            GMAX         NAME    NUMBER
      1       4.2331E+03     9.0357E+01     1.9882E+02     H2        837

 BOND    =    38073.0047  ANGLE   =        0.0000  DIHED      =        0.0000
 VDWAALS =     4638.8930  EEL     =   -38478.7602  HBOND      =        0.0000
 1-4 VDW =        0.0000  1-4 EEL =        0.0000  RESTRAINT  =        0.0000


   NSTEP       ENERGY          RMS            GMAX         NAME    NUMBER
    100      -4.5356E+04     1.9992E+00     6.2750E+00     H1       9686

 BOND    =     2919.5735  ANGLE   =        0.0000  DIHED      =        0.0000
 VDWAALS =     5495.8390  EEL     =   -53771.3695  HBOND      =        0.0000
 1-4 VDW =        0.0000  1-4 EEL =        0.0000  RESTRAINT  =        0.0000


   NSTEP       ENERGY          RMS            GMAX         NAME    NUMBER
    200      -4.7190E+04     1.9224E+00     7.3166E+00     H1       4325

 BOND    =     3636.2548  ANGLE   =        0.0000  DIHED      =        0.0000
 VDWAALS =     6708.8871  EEL     =   -57535.1483  HBOND      =        0.0000
 1-4 VDW =        0.0000  1-4 EEL =        0.0000  RESTRAINT  =        0.0000


   NSTEP       ENERGY          RMS            GMAX         NAME    NUMBER
    300      -4.8180E+04     1.8107E+00     7.7314E+00     H1       5858

 BOND    =     3435.1582  ANGLE   =        0.0000  DIHED      =        0.0000
 VDWAALS =     7573.0754  EEL     =   -59188.6250  HBOND      =        0.0000
 1-4 VDW =        0.0000  1-4 EEL =        0.0000  RESTRAINT  =        0.0000


   NSTEP       ENERGY          RMS            GMAX         NAME    NUMBER
    400      -4.8861E+04     1.5610E+00     7.6667E+00     H1        647

 BOND    =     3959.4767  ANGLE   =        0.0000  DIHED      =        0.0000
 VDWAALS =     8232.8966  EEL     =   -61053.2081  HBOND      =        0.0000
 1-4 VDW =        0.0000  1-4 EEL =        0.0000  RESTRAINT  =        0.0000


   NSTEP       ENERGY          RMS            GMAX         NAME    NUMBER
    500      -4.9379E+04     1.2756E+00     6.0415E+00     H2        165

 BOND    =     3762.1584  ANGLE   =        0.0000  DIHED      =        0.0000
 VDWAALS =     8757.8112  EEL     =   -61899.3481  HBOND      =        0.0000
 1-4 VDW =        0.0000  1-4 EEL =        0.0000  RESTRAINT  =        0.0000


   NSTEP       ENERGY          RMS            GMAX         NAME    NUMBER
    600      -4.9799E+04     1.0453E+00     5.5716E+00     H1        647

 BOND    =     4113.5999  ANGLE   =        0.0000  DIHED      =        0.0000
 VDWAALS =     9170.2715  EEL     =   -63082.4901  HBOND      =        0.0000
 1-4 VDW =        0.0000  1-4 EEL =        0.0000  RESTRAINT  =        0.0000


   NSTEP       ENERGY          RMS            GMAX         NAME    NUMBER
    700      -5.0144E+04     8.9072E-01     4.5613E+00     H2        525

 BOND    =     3980.0591  ANGLE   =        0.0000  DIHED      =        0.0000
 VDWAALS =     9511.7460  EEL     =   -63636.1169  HBOND      =        0.0000
 1-4 VDW =        0.0000  1-4 EEL =        0.0000  RESTRAINT  =        0.0000


   NSTEP       ENERGY          RMS            GMAX         NAME    NUMBER
    800      -5.0438E+04     4.3914E-01     2.4124E+00     H2       7683

 BOND    =     4178.6347  ANGLE   =        0.0000  DIHED      =        0.0000
 VDWAALS =     9803.5608  EEL     =   -64419.8535  HBOND      =        0.0000
 1-4 VDW =        0.0000  1-4 EEL =        0.0000  RESTRAINT  =        0.0000


   NSTEP       ENERGY          RMS            GMAX         NAME    NUMBER
    900      -5.0690E+04     3.9838E-01     2.3488E+00     H1       2651

 BOND    =     4165.9104  ANGLE   =        0.0000  DIHED      =        0.0000
 VDWAALS =    10049.3659  EEL     =   -64905.5492  HBOND      =        0.0000
 1-4 VDW =        0.0000  1-4 EEL =        0.0000  RESTRAINT  =        0.0000


   NSTEP       ENERGY          RMS            GMAX         NAME    NUMBER
   1000      -5.0918E+04     2.9097E-01     3.1794E+00     H1      11261

 BOND    =     4255.7254  ANGLE   =        0.0000  DIHED      =        0.0000
 VDWAALS =    10258.1431  EEL     =   -65432.2393  HBOND      =        0.0000
 1-4 VDW =        0.0000  1-4 EEL =        0.0000  RESTRAINT  =        0.0000


   NSTEP       ENERGY          RMS            GMAX         NAME    NUMBER
   1100      -5.2009E+04     8.4402E-01     5.8261E+01     H2      10119

 BOND    =     4482.9757  ANGLE   =        0.0000  DIHED      =        0.0000
 VDWAALS =    11331.7927  EEL     =   -67824.1745  HBOND      =        0.0000
 1-4 VDW =        0.0000  1-4 EEL =        0.0000  RESTRAINT  =        0.0000


   NSTEP       ENERGY          RMS            GMAX         NAME    NUMBER
   1200      -5.2428E+04     4.9481E-01     1.3951E+01     O        3844

 BOND    =     4596.1087  ANGLE   =        0.0000  DIHED      =        0.0000
 VDWAALS =    11779.5427  EEL     =   -68803.4636  HBOND      =        0.0000
 1-4 VDW =        0.0000  1-4 EEL =        0.0000  RESTRAINT  =        0.0000


   NSTEP       ENERGY          RMS            GMAX         NAME    NUMBER
   1300      -5.2725E+04     4.0107E-01     9.0551E+00     O         214

 BOND    =     4668.7722  ANGLE   =        0.0000  DIHED      =        0.0000
 VDWAALS =    12151.2852  EEL     =   -69544.9493  HBOND      =        0.0000
 1-4 VDW =        0.0000  1-4 EEL =        0.0000  RESTRAINT  =        0.0000


   NSTEP       ENERGY          RMS            GMAX         NAME    NUMBER
   1400      -5.2939E+04     5.2326E-01     2.5171E+01     O        8905

 BOND    =     4720.9218  ANGLE   =        0.0000  DIHED      =        0.0000
 VDWAALS =    12413.5348  EEL     =   -70073.6524  HBOND      =        0.0000
 1-4 VDW =        0.0000  1-4 EEL =        0.0000  RESTRAINT  =        0.0000


   NSTEP       ENERGY          RMS            GMAX         NAME    NUMBER
   1500      -5.3176E+04     9.2269E-01     3.2626E+01     H1        215

 BOND    =     4766.6687  ANGLE   =        0.0000  DIHED      =        0.0000
 VDWAALS =    12724.0583  EEL     =   -70666.5227  HBOND      =        0.0000
 1-4 VDW =        0.0000  1-4 EEL =        0.0000  RESTRAINT  =        0.0000


   NSTEP       ENERGY          RMS            GMAX         NAME    NUMBER
   1600      -5.3357E+04     2.8357E-01     1.0430E+01     H2        216

 BOND    =     4825.9070  ANGLE   =        0.0000  DIHED      =        0.0000
 VDWAALS =    12919.3048  EEL     =   -71102.3056  HBOND      =        0.0000
 1-4 VDW =        0.0000  1-4 EEL =        0.0000  RESTRAINT  =        0.0000


   NSTEP       ENERGY          RMS            GMAX         NAME    NUMBER
   1700      -5.3512E+04     5.0471E-01     1.7976E+01     O       10654

 BOND    =     4877.4510  ANGLE   =        0.0000  DIHED      =        0.0000
 VDWAALS =    13134.3471  EEL     =   -71524.0639  HBOND      =        0.0000
 1-4 VDW =        0.0000  1-4 EEL =        0.0000  RESTRAINT  =        0.0000


   NSTEP       ENERGY          RMS            GMAX         NAME    NUMBER
   1800      -5.3647E+04     3.8598E-01     2.0274E+01     O        8905

 BOND    =     4909.6716  ANGLE   =        0.0000  DIHED      =        0.0000
 VDWAALS =    13284.6570  EEL     =   -71841.3826  HBOND      =        0.0000
 1-4 VDW =        0.0000  1-4 EEL =        0.0000  RESTRAINT  =        0.0000


   NSTEP       ENERGY          RMS            GMAX         NAME    NUMBER
   1900      -5.3747E+04     4.8229E-01     1.8406E+01     O        8905

 BOND    =     4947.2092  ANGLE   =        0.0000  DIHED      =        0.0000
 VDWAALS =    13391.4362  EEL     =   -72085.1982  HBOND      =        0.0000
 1-4 VDW =        0.0000  1-4 EEL =        0.0000  RESTRAINT  =        0.0000


   NSTEP       ENERGY          RMS            GMAX         NAME    NUMBER
   2000      -5.3837E+04     2.9569E-01     7.7947E+00     H2      11262

 BOND    =     4965.4121  ANGLE   =        0.0000  DIHED      =        0.0000
 VDWAALS =    13485.3539  EEL     =   -72287.4226  HBOND      =        0.0000
 1-4 VDW =        0.0000  1-4 EEL =        0.0000  RESTRAINT  =        0.0000


  Maximum number of minimization cycles reached.


                    FINAL RESULTS



   NSTEP       ENERGY          RMS            GMAX         NAME    NUMBER
   2000      -5.3837E+04     2.9569E-01     7.7947E+00     H2      11262

 BOND    =     4965.4121  ANGLE   =        0.0000  DIHED      =        0.0000
 VDWAALS =    13485.3539  EEL     =   -72287.4226  HBOND      =        0.0000
 1-4 VDW =        0.0000  1-4 EEL =        0.0000  RESTRAINT  =        0.0000
--------------------------------------------------------------------------------
   5.  TIMINGS
--------------------------------------------------------------------------------

|  NonSetup CPU Time in Major Routines:
|
|     Routine           Sec        %
|     ------------------------------
|     Nonbond           0.29   34.15
|     Bond              0.00    0.00
|     Angle             0.00    0.00
|     Dihedral          0.00    0.00
|     Shake             0.00    0.00
|     Other             0.56   65.85
|     ------------------------------
|     Total             0.85

|  PME Nonbond Pairlist CPU Time:
|
|     Routine              Sec        %
|     ---------------------------------
|     Set Up Cit           0.00    0.00
|     Build List           0.00    0.00
|     ---------------------------------
|     Total                0.00    0.00

|  PME Direct Force CPU Time:
|
|     Routine              Sec        %
|     ---------------------------------
|     NonBonded Calc       0.00    0.00
|     Exclude Masked       0.00    0.00
|     Other                0.00    0.13
|     ---------------------------------
|     Total                0.00    0.13

|  PME Reciprocal Force CPU Time:
|
|     Routine              Sec        %
|     ---------------------------------
|     1D bspline           0.00    0.00
|     Grid Charges         0.00    0.00
|     Scalar Sum           0.00    0.00
|     Gradient Sum         0.00    0.00
|     FFT                  0.00    0.00
|     ---------------------------------
|     Total                0.00    0.00

|  Setup CPU time:            0.28 seconds
|  NonSetup CPU time:         0.85 seconds
|  Total CPU time:            1.13 seconds     0.00 hours

|  Setup wall time:           0    seconds
|  NonSetup wall time:        1    seconds
|  Total wall time:           1    seconds     0.00 hours
